TableControl: QueueUpdate 2021/11/14 下午 03:34:18:632
TableControl: About to update entries 2021/11/14 下午 03:34:18:746
TableControl: Updating entries 2021/11/14 下午 03:34:18:746
TableControl: Updating entries (UI thread) 2021/11/14 下午 03:34:18:747
TableControl: Refreshing UI 2021/11/14 下午 03:34:18:748
Informational: 開始為要求的測試回合執行測試探索
Informational: ========== 開始測試探索 ==========
TableControl: QueueUpdate 2021/11/14 下午 03:39:49:958
TableControl: About to update entries 2021/11/14 下午 03:39:50:66
TableControl: Updating entries 2021/11/14 下午 03:39:50:66
TableControl: Updating entries (UI thread) 2021/11/14 下午 03:39:50:67
TableControl: Refreshing UI 2021/11/14 下午 03:39:50:67
Warning: C:\Users\88696\source\repos\WindowsProgramming\WindowsProgramming\bin\Debug\CourseApplication.exe 中未提供任何測試。請確定已登錄了測試探索程式與執行程式，且平台與 Framework 版本設定皆正確，然後再試一次。
Informational: ========== 測試探索已完成: 在 2.5 秒 找到 23 項測試 ==========
Informational: ========== 開始測試回合 ==========
TableControl: QueueUpdate 2021/11/14 下午 03:39:51:193
TableControl: About to update entries 2021/11/14 下午 03:39:51:304
TableControl: Updating entries 2021/11/14 下午 03:39:51:304
TableControl: Updating entries (UI thread) 2021/11/14 下午 03:39:51:305
TableControl: Refreshing UI 2021/11/14 下午 03:39:51:305
TableControl: QueueUpdate 2021/11/14 下午 03:39:53:656
TableControl: About to update entries 2021/11/14 下午 03:39:53:771
TableControl: Updating entries 2021/11/14 下午 03:39:53:771
TableControl: Updating entries (UI thread) 2021/11/14 下午 03:39:53:772
TableControl: Refreshing UI 2021/11/14 下午 03:39:53:772
TableControl: QueueUpdate 2021/11/14 下午 03:39:55:851
TableControl: About to update entries 2021/11/14 下午 03:39:55:963
TableControl: Updating entries 2021/11/14 下午 03:39:55:963
TableControl: Updating entries (UI thread) 2021/11/14 下午 03:39:55:964
TableControl: Refreshing UI 2021/11/14 下午 03:39:55:964
TableControl: QueueUpdate 2021/11/14 下午 03:39:56:662
TableControl: About to update entries 2021/11/14 下午 03:39:56:770
TableControl: Updating entries 2021/11/14 下午 03:39:56:770
TableControl: Updating entries (UI thread) 2021/11/14 下午 03:39:56:771
TableControl: Refreshing UI 2021/11/14 下午 03:39:56:771
TableControl: QueueUpdate 2021/11/14 下午 03:39:58:177
TableControl: About to update entries 2021/11/14 下午 03:39:58:286
TableControl: Updating entries 2021/11/14 下午 03:39:58:286
TableControl: Updating entries (UI thread) 2021/11/14 下午 03:39:58:287
TableControl: Refreshing UI 2021/11/14 下午 03:39:58:287
TableControl: QueueUpdate 2021/11/14 下午 03:39:59:692
TableControl: About to update entries 2021/11/14 下午 03:39:59:801
TableControl: Updating entries 2021/11/14 下午 03:39:59:802
TableControl: Updating entries (UI thread) 2021/11/14 下午 03:39:59:802
TableControl: Refreshing UI 2021/11/14 下午 03:39:59:802
TableControl: QueueUpdate 2021/11/14 下午 03:40:01:196
TableControl: About to update entries 2021/11/14 下午 03:40:01:298
TableControl: Updating entries 2021/11/14 下午 03:40:01:298
TableControl: Updating entries (UI thread) 2021/11/14 下午 03:40:01:299
TableControl: Refreshing UI 2021/11/14 下午 03:40:01:299
TableControl: QueueUpdate 2021/11/14 下午 03:40:02:707
TableControl: About to update entries 2021/11/14 下午 03:40:02:816
TableControl: Updating entries 2021/11/14 下午 03:40:02:817
TableControl: Updating entries (UI thread) 2021/11/14 下午 03:40:02:818
TableControl: Refreshing UI 2021/11/14 下午 03:40:02:818
TableControl: QueueUpdate 2021/11/14 下午 03:40:04:207
TableControl: About to update entries 2021/11/14 下午 03:40:04:316
TableControl: Updating entries 2021/11/14 下午 03:40:04:316
TableControl: Updating entries (UI thread) 2021/11/14 下午 03:40:04:317
TableControl: Refreshing UI 2021/11/14 下午 03:40:04:317
TableControl: QueueUpdate 2021/11/14 下午 03:40:05:726
TableControl: About to update entries 2021/11/14 下午 03:40:05:835
TableControl: Updating entries 2021/11/14 下午 03:40:05:835
TableControl: Updating entries (UI thread) 2021/11/14 下午 03:40:05:836
TableControl: Refreshing UI 2021/11/14 下午 03:40:05:836
TableControl: QueueUpdate 2021/11/14 下午 03:40:07:243
TableControl: About to update entries 2021/11/14 下午 03:40:07:352
TableControl: Updating entries 2021/11/14 下午 03:40:07:352
TableControl: Updating entries (UI thread) 2021/11/14 下午 03:40:07:353
TableControl: Refreshing UI 2021/11/14 下午 03:40:07:353
TableControl: QueueUpdate 2021/11/14 下午 03:40:08:759
TableControl: About to update entries 2021/11/14 下午 03:40:08:867
TableControl: Updating entries 2021/11/14 下午 03:40:08:867
TableControl: Updating entries (UI thread) 2021/11/14 下午 03:40:08:868
TableControl: Refreshing UI 2021/11/14 下午 03:40:08:868
TableControl: QueueUpdate 2021/11/14 下午 03:40:10:270
TableControl: About to update entries 2021/11/14 下午 03:40:10:378
TableControl: Updating entries 2021/11/14 下午 03:40:10:378
TableControl: Updating entries (UI thread) 2021/11/14 下午 03:40:10:379
TableControl: Refreshing UI 2021/11/14 下午 03:40:10:379
TableControl: QueueUpdate 2021/11/14 下午 03:40:11:801
TableControl: About to update entries 2021/11/14 下午 03:40:11:909
TableControl: Updating entries 2021/11/14 下午 03:40:11:909
TableControl: Updating entries (UI thread) 2021/11/14 下午 03:40:11:910
TableControl: Refreshing UI 2021/11/14 下午 03:40:11:910
TableControl: QueueUpdate 2021/11/14 下午 03:40:13:288
TableControl: About to update entries 2021/11/14 下午 03:40:13:396
TableControl: Updating entries 2021/11/14 下午 03:40:13:396
TableControl: Updating entries (UI thread) 2021/11/14 下午 03:40:13:397
TableControl: Refreshing UI 2021/11/14 下午 03:40:13:397
Informational: ========== 測試回合已完成: 在 23.6 秒 執行了 23 項測試 (21 項通過，2 項失敗，0 項跳過) ==========
TableControl: QueueUpdate 2021/11/14 下午 03:40:15:468
TableControl: About to update entries 2021/11/14 下午 03:40:15:581
TableControl: Updating entries 2021/11/14 下午 03:40:15:581
TableControl: Updating entries (UI thread) 2021/11/14 下午 03:40:15:582
TableControl: Refreshing UI 2021/11/14 下午 03:40:15:582
Informational: 開始為要求的測試回合執行測試探索
Informational: ========== 開始測試探索 ==========
Warning: C:\Users\88696\source\repos\WindowsProgramming\WindowsProgramming\bin\Debug\CourseApplication.exe 中未提供任何測試。請確定已登錄了測試探索程式與執行程式，且平台與 Framework 版本設定皆正確，然後再試一次。
Informational: ========== 測試探索已完成: 在 2.5 秒 找到 23 項測試 ==========
Informational: ========== 開始測試回合 ==========
TableControl: QueueUpdate 2021/11/14 下午 03:42:42:567
TableControl: About to update entries 2021/11/14 下午 03:42:42:680
TableControl: Updating entries 2021/11/14 下午 03:42:42:680
TableControl: Updating entries (UI thread) 2021/11/14 下午 03:42:42:681
TableControl: Refreshing UI 2021/11/14 下午 03:42:42:681
TableControl: QueueUpdate 2021/11/14 下午 03:42:43:335
TableControl: About to update entries 2021/11/14 下午 03:42:43:443
TableControl: Updating entries 2021/11/14 下午 03:42:43:443
TableControl: Updating entries (UI thread) 2021/11/14 下午 03:42:43:444
TableControl: Refreshing UI 2021/11/14 下午 03:42:43:444
TableControl: QueueUpdate 2021/11/14 下午 03:42:44:858
TableControl: About to update entries 2021/11/14 下午 03:42:44:959
TableControl: Updating entries 2021/11/14 下午 03:42:44:959
TableControl: Updating entries (UI thread) 2021/11/14 下午 03:42:44:960
TableControl: Refreshing UI 2021/11/14 下午 03:42:44:960
TableControl: QueueUpdate 2021/11/14 下午 03:42:46:364
TableControl: About to update entries 2021/11/14 下午 03:42:46:473
TableControl: Updating entries 2021/11/14 下午 03:42:46:475
TableControl: Updating entries (UI thread) 2021/11/14 下午 03:42:46:475
TableControl: Refreshing UI 2021/11/14 下午 03:42:46:476
TableControl: QueueUpdate 2021/11/14 下午 03:42:47:893
TableControl: About to update entries 2021/11/14 下午 03:42:48:2
TableControl: Updating entries 2021/11/14 下午 03:42:48:4
TableControl: Updating entries (UI thread) 2021/11/14 下午 03:42:48:6
TableControl: Refreshing UI 2021/11/14 下午 03:42:48:7
TableControl: QueueUpdate 2021/11/14 下午 03:42:49:398
TableControl: About to update entries 2021/11/14 下午 03:42:49:507
TableControl: Updating entries 2021/11/14 下午 03:42:49:507
TableControl: Updating entries (UI thread) 2021/11/14 下午 03:42:49:508
TableControl: Refreshing UI 2021/11/14 下午 03:42:49:508
TableControl: QueueUpdate 2021/11/14 下午 03:42:50:911
TableControl: About to update entries 2021/11/14 下午 03:42:51:20
TableControl: Updating entries 2021/11/14 下午 03:42:51:20
TableControl: Updating entries (UI thread) 2021/11/14 下午 03:42:51:21
TableControl: Refreshing UI 2021/11/14 下午 03:42:51:21
TableControl: QueueUpdate 2021/11/14 下午 03:42:52:408
TableControl: About to update entries 2021/11/14 下午 03:42:52:510
TableControl: Updating entries 2021/11/14 下午 03:42:52:510
TableControl: Updating entries (UI thread) 2021/11/14 下午 03:42:52:511
TableControl: Refreshing UI 2021/11/14 下午 03:42:52:511
TableControl: QueueUpdate 2021/11/14 下午 03:42:53:912
TableControl: About to update entries 2021/11/14 下午 03:42:54:20
TableControl: Updating entries 2021/11/14 下午 03:42:54:20
TableControl: Updating entries (UI thread) 2021/11/14 下午 03:42:54:21
TableControl: Refreshing UI 2021/11/14 下午 03:42:54:21
TableControl: QueueUpdate 2021/11/14 下午 03:42:55:440
TableControl: About to update entries 2021/11/14 下午 03:42:55:550
TableControl: Updating entries 2021/11/14 下午 03:42:55:550
TableControl: Updating entries (UI thread) 2021/11/14 下午 03:42:55:551
TableControl: Refreshing UI 2021/11/14 下午 03:42:55:551
TableControl: QueueUpdate 2021/11/14 下午 03:42:56:927
TableControl: About to update entries 2021/11/14 下午 03:42:57:35
TableControl: Updating entries 2021/11/14 下午 03:42:57:35
TableControl: Updating entries (UI thread) 2021/11/14 下午 03:42:57:36
TableControl: Refreshing UI 2021/11/14 下午 03:42:57:36
TableControl: QueueUpdate 2021/11/14 下午 03:42:58:429
TableControl: About to update entries 2021/11/14 下午 03:42:58:537
TableControl: Updating entries 2021/11/14 下午 03:42:58:537
TableControl: Updating entries (UI thread) 2021/11/14 下午 03:42:58:545
TableControl: Refreshing UI 2021/11/14 下午 03:42:58:545
TableControl: QueueUpdate 2021/11/14 下午 03:42:59:944
TableControl: About to update entries 2021/11/14 下午 03:43:00:53
TableControl: Updating entries 2021/11/14 下午 03:43:00:53
TableControl: Updating entries (UI thread) 2021/11/14 下午 03:43:00:54
TableControl: Refreshing UI 2021/11/14 下午 03:43:00:54
TableControl: QueueUpdate 2021/11/14 下午 03:43:01:460
TableControl: About to update entries 2021/11/14 下午 03:43:01:569
TableControl: Updating entries 2021/11/14 下午 03:43:01:569
TableControl: Updating entries (UI thread) 2021/11/14 下午 03:43:01:570
TableControl: Refreshing UI 2021/11/14 下午 03:43:01:570
TableControl: QueueUpdate 2021/11/14 下午 03:43:03:668
TableControl: About to update entries 2021/11/14 下午 03:43:03:769
TableControl: Updating entries 2021/11/14 下午 03:43:03:769
TableControl: Updating entries (UI thread) 2021/11/14 下午 03:43:03:770
TableControl: Refreshing UI 2021/11/14 下午 03:43:03:770
TableControl: QueueUpdate 2021/11/14 下午 03:43:04:490
TableControl: About to update entries 2021/11/14 下午 03:43:04:599
TableControl: Updating entries 2021/11/14 下午 03:43:04:599
TableControl: Updating entries (UI thread) 2021/11/14 下午 03:43:04:600
TableControl: Refreshing UI 2021/11/14 下午 03:43:04:600
Informational: ========== 測試回合已完成: 在 23.6 秒 執行了 23 項測試 (21 項通過，2 項失敗，0 項跳過) ==========
TableControl: QueueUpdate 2021/11/14 下午 03:43:05:516
TableControl: About to update entries 2021/11/14 下午 03:43:05:617
TableControl: Updating entries 2021/11/14 下午 03:43:05:617
TableControl: Updating entries (UI thread) 2021/11/14 下午 03:43:05:618
TableControl: Refreshing UI 2021/11/14 下午 03:43:05:618
Informational: 開始為要求的測試回合執行測試探索
Informational: ========== 開始測試探索 ==========
Informational: ========== 測試探索已完成: 在 1.4 秒 找到 23 項測試 ==========
Informational: ========== 開始測試回合 ==========
TableControl: QueueUpdate 2021/11/14 下午 03:50:05:632
TableControl: About to update entries 2021/11/14 下午 03:50:05:737
TableControl: Updating entries 2021/11/14 下午 03:50:05:737
TableControl: Updating entries (UI thread) 2021/11/14 下午 03:50:05:738
TableControl: Refreshing UI 2021/11/14 下午 03:50:05:738
TableControl: QueueUpdate 2021/11/14 下午 03:50:07:972
TableControl: About to update entries 2021/11/14 下午 03:50:08:72
TableControl: Updating entries 2021/11/14 下午 03:50:08:72
TableControl: Updating entries (UI thread) 2021/11/14 下午 03:50:08:73
TableControl: Refreshing UI 2021/11/14 下午 03:50:08:73
TableControl: QueueUpdate 2021/11/14 下午 03:50:09:475
TableControl: About to update entries 2021/11/14 下午 03:50:09:584
TableControl: Updating entries 2021/11/14 下午 03:50:09:584
TableControl: Updating entries (UI thread) 2021/11/14 下午 03:50:09:585
TableControl: Refreshing UI 2021/11/14 下午 03:50:09:585
TableControl: QueueUpdate 2021/11/14 下午 03:50:10:974
TableControl: About to update entries 2021/11/14 下午 03:50:11:82
TableControl: Updating entries 2021/11/14 下午 03:50:11:82
TableControl: Updating entries (UI thread) 2021/11/14 下午 03:50:11:83
TableControl: Refreshing UI 2021/11/14 下午 03:50:11:83
TableControl: QueueUpdate 2021/11/14 下午 03:50:12:500
TableControl: About to update entries 2021/11/14 下午 03:50:12:601
TableControl: Updating entries 2021/11/14 下午 03:50:12:601
TableControl: Updating entries (UI thread) 2021/11/14 下午 03:50:12:602
TableControl: Refreshing UI 2021/11/14 下午 03:50:12:602
TableControl: QueueUpdate 2021/11/14 下午 03:50:14:7
TableControl: About to update entries 2021/11/14 下午 03:50:14:115
TableControl: Updating entries 2021/11/14 下午 03:50:14:115
TableControl: Updating entries (UI thread) 2021/11/14 下午 03:50:14:116
TableControl: Refreshing UI 2021/11/14 下午 03:50:14:117
TableControl: QueueUpdate 2021/11/14 下午 03:50:15:537
TableControl: About to update entries 2021/11/14 下午 03:50:15:646
TableControl: Updating entries 2021/11/14 下午 03:50:15:646
TableControl: Updating entries (UI thread) 2021/11/14 下午 03:50:15:647
TableControl: Refreshing UI 2021/11/14 下午 03:50:15:647
TableControl: QueueUpdate 2021/11/14 下午 03:50:17:53
TableControl: About to update entries 2021/11/14 下午 03:50:17:163
TableControl: Updating entries 2021/11/14 下午 03:50:17:163
TableControl: Updating entries (UI thread) 2021/11/14 下午 03:50:17:164
TableControl: Refreshing UI 2021/11/14 下午 03:50:17:164
TableControl: QueueUpdate 2021/11/14 下午 03:50:18:546
TableControl: About to update entries 2021/11/14 下午 03:50:18:648
TableControl: Updating entries 2021/11/14 下午 03:50:18:649
TableControl: Updating entries (UI thread) 2021/11/14 下午 03:50:18:649
TableControl: Refreshing UI 2021/11/14 下午 03:50:18:649
TableControl: QueueUpdate 2021/11/14 下午 03:50:20:59
TableControl: About to update entries 2021/11/14 下午 03:50:20:160
TableControl: Updating entries 2021/11/14 下午 03:50:20:160
TableControl: Updating entries (UI thread) 2021/11/14 下午 03:50:20:161
TableControl: Refreshing UI 2021/11/14 下午 03:50:20:162
TableControl: QueueUpdate 2021/11/14 下午 03:50:21:569
TableControl: About to update entries 2021/11/14 下午 03:50:21:678
TableControl: Updating entries 2021/11/14 下午 03:50:21:678
TableControl: Updating entries (UI thread) 2021/11/14 下午 03:50:21:679
TableControl: Refreshing UI 2021/11/14 下午 03:50:21:679
TableControl: QueueUpdate 2021/11/14 下午 03:50:23:774
TableControl: About to update entries 2021/11/14 下午 03:50:23:883
TableControl: Updating entries 2021/11/14 下午 03:50:23:883
TableControl: Updating entries (UI thread) 2021/11/14 下午 03:50:23:884
TableControl: Refreshing UI 2021/11/14 下午 03:50:23:884
TableControl: QueueUpdate 2021/11/14 下午 03:50:24:585
TableControl: About to update entries 2021/11/14 下午 03:50:24:693
TableControl: Updating entries 2021/11/14 下午 03:50:24:693
TableControl: Updating entries (UI thread) 2021/11/14 下午 03:50:24:694
TableControl: Refreshing UI 2021/11/14 下午 03:50:24:694
TableControl: QueueUpdate 2021/11/14 下午 03:50:26:101
TableControl: About to update entries 2021/11/14 下午 03:50:26:210
TableControl: Updating entries 2021/11/14 下午 03:50:26:210
TableControl: Updating entries (UI thread) 2021/11/14 下午 03:50:26:211
TableControl: Refreshing UI 2021/11/14 下午 03:50:26:211
TableControl: QueueUpdate 2021/11/14 下午 03:50:27:601
TableControl: About to update entries 2021/11/14 下午 03:50:27:709
TableControl: Updating entries 2021/11/14 下午 03:50:27:710
TableControl: Updating entries (UI thread) 2021/11/14 下午 03:50:27:710
TableControl: Refreshing UI 2021/11/14 下午 03:50:27:711
TableControl: QueueUpdate 2021/11/14 下午 03:50:29:117
TableControl: About to update entries 2021/11/14 下午 03:50:29:221
TableControl: Updating entries 2021/11/14 下午 03:50:29:221
TableControl: Updating entries (UI thread) 2021/11/14 下午 03:50:29:222
TableControl: Refreshing UI 2021/11/14 下午 03:50:29:222
Informational: ========== 測試回合已完成: 在 23.5 秒 執行了 23 項測試 (21 項通過，2 項失敗，0 項跳過) ==========
TableControl: QueueUpdate 2021/11/14 下午 03:50:29:928
TableControl: About to update entries 2021/11/14 下午 03:50:30:36
TableControl: Updating entries 2021/11/14 下午 03:50:30:36
TableControl: Updating entries (UI thread) 2021/11/14 下午 03:50:30:144
TableControl: Refreshing UI 2021/11/14 下午 03:50:30:145
Informational: 開始為要求的測試回合執行測試探索
Informational: ========== 開始測試探索 ==========
Warning: C:\Users\88696\source\repos\WindowsProgramming\WindowsProgramming\bin\Debug\CourseApplication.exe 中未提供任何測試。請確定已登錄了測試探索程式與執行程式，且平台與 Framework 版本設定皆正確，然後再試一次。
Informational: ========== 測試探索已完成: 在 2.6 秒 找到 23 項測試 ==========
Informational: ========== 開始測試回合 ==========
TableControl: QueueUpdate 2021/11/14 下午 03:51:36:163
TableControl: About to update entries 2021/11/14 下午 03:51:36:272
TableControl: Updating entries 2021/11/14 下午 03:51:36:272
TableControl: Updating entries (UI thread) 2021/11/14 下午 03:51:36:273
TableControl: Refreshing UI 2021/11/14 下午 03:51:36:273
TableControl: QueueUpdate 2021/11/14 下午 03:51:38:599
TableControl: About to update entries 2021/11/14 下午 03:51:38:708
TableControl: Updating entries 2021/11/14 下午 03:51:38:708
TableControl: Updating entries (UI thread) 2021/11/14 下午 03:51:38:709
TableControl: Refreshing UI 2021/11/14 下午 03:51:38:709
TableControl: QueueUpdate 2021/11/14 下午 03:51:40:115
TableControl: About to update entries 2021/11/14 下午 03:51:40:225
TableControl: Updating entries 2021/11/14 下午 03:51:40:230
TableControl: Updating entries (UI thread) 2021/11/14 下午 03:51:40:230
TableControl: Refreshing UI 2021/11/14 下午 03:51:40:231
TableControl: QueueUpdate 2021/11/14 下午 03:51:42:316
TableControl: About to update entries 2021/11/14 下午 03:51:42:429
TableControl: Updating entries 2021/11/14 下午 03:51:42:429
TableControl: Updating entries (UI thread) 2021/11/14 下午 03:51:42:430
TableControl: Refreshing UI 2021/11/14 下午 03:51:42:430
TableControl: QueueUpdate 2021/11/14 下午 03:51:43:115
TableControl: About to update entries 2021/11/14 下午 03:51:43:224
TableControl: Updating entries 2021/11/14 下午 03:51:43:224
TableControl: Updating entries (UI thread) 2021/11/14 下午 03:51:43:225
TableControl: Refreshing UI 2021/11/14 下午 03:51:43:225
TableControl: QueueUpdate 2021/11/14 下午 03:51:44:619
TableControl: About to update entries 2021/11/14 下午 03:51:44:721
TableControl: Updating entries 2021/11/14 下午 03:51:44:721
TableControl: Updating entries (UI thread) 2021/11/14 下午 03:51:44:722
TableControl: Refreshing UI 2021/11/14 下午 03:51:44:722
TableControl: QueueUpdate 2021/11/14 下午 03:51:46:128
TableControl: About to update entries 2021/11/14 下午 03:51:46:237
TableControl: Updating entries 2021/11/14 下午 03:51:46:237
TableControl: Updating entries (UI thread) 2021/11/14 下午 03:51:46:238
TableControl: Refreshing UI 2021/11/14 下午 03:51:46:238
TableControl: QueueUpdate 2021/11/14 下午 03:51:47:634
TableControl: About to update entries 2021/11/14 下午 03:51:47:742
TableControl: Updating entries 2021/11/14 下午 03:51:47:743
TableControl: Updating entries (UI thread) 2021/11/14 下午 03:51:47:743
TableControl: Refreshing UI 2021/11/14 下午 03:51:47:744
TableControl: QueueUpdate 2021/11/14 下午 03:51:49:147
TableControl: About to update entries 2021/11/14 下午 03:51:49:254
TableControl: Updating entries 2021/11/14 下午 03:51:49:254
TableControl: Updating entries (UI thread) 2021/11/14 下午 03:51:49:255
TableControl: Refreshing UI 2021/11/14 下午 03:51:49:255
TableControl: QueueUpdate 2021/11/14 下午 03:51:50:662
TableControl: About to update entries 2021/11/14 下午 03:51:50:772
TableControl: Updating entries 2021/11/14 下午 03:51:50:772
TableControl: Updating entries (UI thread) 2021/11/14 下午 03:51:50:773
TableControl: Refreshing UI 2021/11/14 下午 03:51:50:773
TableControl: QueueUpdate 2021/11/14 下午 03:51:52:171
TableControl: About to update entries 2021/11/14 下午 03:51:52:283
TableControl: Updating entries 2021/11/14 下午 03:51:52:283
TableControl: Updating entries (UI thread) 2021/11/14 下午 03:51:52:364
TableControl: Refreshing UI 2021/11/14 下午 03:51:52:364
TableControl: QueueUpdate 2021/11/14 下午 03:51:53:669
TableControl: About to update entries 2021/11/14 下午 03:51:53:771
TableControl: Updating entries 2021/11/14 下午 03:51:53:771
TableControl: Updating entries (UI thread) 2021/11/14 下午 03:51:53:772
TableControl: Refreshing UI 2021/11/14 下午 03:51:53:772
TableControl: QueueUpdate 2021/11/14 下午 03:51:55:168
TableControl: About to update entries 2021/11/14 下午 03:51:55:270
TableControl: Updating entries 2021/11/14 下午 03:51:55:270
TableControl: Updating entries (UI thread) 2021/11/14 下午 03:51:55:271
TableControl: Refreshing UI 2021/11/14 下午 03:51:55:272
TableControl: QueueUpdate 2021/11/14 下午 03:51:56:681
TableControl: About to update entries 2021/11/14 下午 03:51:56:789
TableControl: Updating entries 2021/11/14 下午 03:51:56:789
TableControl: Updating entries (UI thread) 2021/11/14 下午 03:51:56:790
TableControl: Refreshing UI 2021/11/14 下午 03:51:56:790
TableControl: QueueUpdate 2021/11/14 下午 03:51:58:184
TableControl: About to update entries 2021/11/14 下午 03:51:58:285
TableControl: Updating entries 2021/11/14 下午 03:51:58:285
TableControl: Updating entries (UI thread) 2021/11/14 下午 03:51:58:286
TableControl: Refreshing UI 2021/11/14 下午 03:51:58:286
TableControl: QueueUpdate 2021/11/14 下午 03:51:59:690
TableControl: About to update entries 2021/11/14 下午 03:51:59:799
TableControl: Updating entries 2021/11/14 下午 03:51:59:799
TableControl: Updating entries (UI thread) 2021/11/14 下午 03:51:59:799
TableControl: Refreshing UI 2021/11/14 下午 03:51:59:799
Informational: ========== 測試回合已完成: 在 23.3 秒 執行了 23 項測試 (21 項通過，2 項失敗，0 項跳過) ==========
TableControl: QueueUpdate 2021/11/14 下午 03:52:00:477
TableControl: About to update entries 2021/11/14 下午 03:52:00:586
TableControl: Updating entries 2021/11/14 下午 03:52:00:586
TableControl: Updating entries (UI thread) 2021/11/14 下午 03:52:00:587
TableControl: Refreshing UI 2021/11/14 下午 03:52:00:587
Informational: 開始為要求的測試回合執行測試探索
Informational: ========== 開始測試探索 ==========
Informational: ========== 測試探索已完成: 在 1.3 秒 找到 23 項測試 ==========
Informational: ========== 開始測試回合 ==========
TableControl: QueueUpdate 2021/11/14 下午 03:52:14:210
TableControl: About to update entries 2021/11/14 下午 03:52:14:318
TableControl: Updating entries 2021/11/14 下午 03:52:14:318
TableControl: Updating entries (UI thread) 2021/11/14 下午 03:52:14:319
TableControl: Refreshing UI 2021/11/14 下午 03:52:14:319
TableControl: QueueUpdate 2021/11/14 下午 03:52:16:426
TableControl: About to update entries 2021/11/14 下午 03:52:16:536
TableControl: Updating entries 2021/11/14 下午 03:52:16:536
TableControl: Updating entries (UI thread) 2021/11/14 下午 03:52:16:537
TableControl: Refreshing UI 2021/11/14 下午 03:52:16:537
TableControl: QueueUpdate 2021/11/14 下午 03:52:17:239
TableControl: About to update entries 2021/11/14 下午 03:52:17:348
TableControl: Updating entries 2021/11/14 下午 03:52:17:348
TableControl: Updating entries (UI thread) 2021/11/14 下午 03:52:17:349
TableControl: Refreshing UI 2021/11/14 下午 03:52:17:349
TableControl: QueueUpdate 2021/11/14 下午 03:52:18:757
TableControl: About to update entries 2021/11/14 下午 03:52:18:866
TableControl: Updating entries 2021/11/14 下午 03:52:18:866
TableControl: Updating entries (UI thread) 2021/11/14 下午 03:52:18:867
TableControl: Refreshing UI 2021/11/14 下午 03:52:18:867
TableControl: QueueUpdate 2021/11/14 下午 03:52:20:269
TableControl: About to update entries 2021/11/14 下午 03:52:20:378
TableControl: Updating entries 2021/11/14 下午 03:52:20:379
TableControl: Updating entries (UI thread) 2021/11/14 下午 03:52:20:379
TableControl: Refreshing UI 2021/11/14 下午 03:52:20:380
TableControl: QueueUpdate 2021/11/14 下午 03:52:21:771
TableControl: About to update entries 2021/11/14 下午 03:52:21:880
TableControl: Updating entries 2021/11/14 下午 03:52:21:880
TableControl: Updating entries (UI thread) 2021/11/14 下午 03:52:21:881
TableControl: Refreshing UI 2021/11/14 下午 03:52:21:881
TableControl: QueueUpdate 2021/11/14 下午 03:52:23:288
TableControl: About to update entries 2021/11/14 下午 03:52:23:397
TableControl: Updating entries 2021/11/14 下午 03:52:23:397
TableControl: Updating entries (UI thread) 2021/11/14 下午 03:52:23:398
TableControl: Refreshing UI 2021/11/14 下午 03:52:23:398
TableControl: QueueUpdate 2021/11/14 下午 03:52:24:799
TableControl: About to update entries 2021/11/14 下午 03:52:24:908
TableControl: Updating entries 2021/11/14 下午 03:52:24:908
TableControl: Updating entries (UI thread) 2021/11/14 下午 03:52:24:909
TableControl: Refreshing UI 2021/11/14 下午 03:52:24:909
TableControl: QueueUpdate 2021/11/14 下午 03:52:26:289
TableControl: About to update entries 2021/11/14 下午 03:52:26:397
TableControl: Updating entries 2021/11/14 下午 03:52:26:397
TableControl: Updating entries (UI thread) 2021/11/14 下午 03:52:26:398
TableControl: Refreshing UI 2021/11/14 下午 03:52:26:398
TableControl: QueueUpdate 2021/11/14 下午 03:52:27:799
TableControl: About to update entries 2021/11/14 下午 03:52:27:909
TableControl: Updating entries 2021/11/14 下午 03:52:27:909
TableControl: Updating entries (UI thread) 2021/11/14 下午 03:52:27:909
TableControl: Refreshing UI 2021/11/14 下午 03:52:27:909
TableControl: QueueUpdate 2021/11/14 下午 03:52:29:304
TableControl: About to update entries 2021/11/14 下午 03:52:29:412
TableControl: Updating entries 2021/11/14 下午 03:52:29:412
TableControl: Updating entries (UI thread) 2021/11/14 下午 03:52:29:413
TableControl: Refreshing UI 2021/11/14 下午 03:52:29:413
TableControl: QueueUpdate 2021/11/14 下午 03:52:30:820
TableControl: About to update entries 2021/11/14 下午 03:52:30:929
TableControl: Updating entries 2021/11/14 下午 03:52:30:929
TableControl: Updating entries (UI thread) 2021/11/14 下午 03:52:30:930
TableControl: Refreshing UI 2021/11/14 下午 03:52:30:930
TableControl: QueueUpdate 2021/11/14 下午 03:52:32:335
TableControl: About to update entries 2021/11/14 下午 03:52:32:444
TableControl: Updating entries 2021/11/14 下午 03:52:32:444
TableControl: Updating entries (UI thread) 2021/11/14 下午 03:52:32:444
TableControl: Refreshing UI 2021/11/14 下午 03:52:32:444
TableControl: QueueUpdate 2021/11/14 下午 03:52:33:846
TableControl: About to update entries 2021/11/14 下午 03:52:33:955
TableControl: Updating entries 2021/11/14 下午 03:52:33:955
TableControl: Updating entries (UI thread) 2021/11/14 下午 03:52:33:956
TableControl: Refreshing UI 2021/11/14 下午 03:52:33:956
TableControl: QueueUpdate 2021/11/14 下午 03:52:35:363
TableControl: About to update entries 2021/11/14 下午 03:52:35:473
TableControl: Updating entries 2021/11/14 下午 03:52:35:473
TableControl: Updating entries (UI thread) 2021/11/14 下午 03:52:35:474
TableControl: Refreshing UI 2021/11/14 下午 03:52:35:474
TableControl: QueueUpdate 2021/11/14 下午 03:52:36:865
TableControl: About to update entries 2021/11/14 下午 03:52:36:975
TableControl: Updating entries 2021/11/14 下午 03:52:36:975
TableControl: Updating entries (UI thread) 2021/11/14 下午 03:52:36:976
TableControl: Refreshing UI 2021/11/14 下午 03:52:36:976
Informational: ========== 測試回合已完成: 在 23.1 秒 執行了 23 項測試 (22 項通過，1 項失敗，0 項跳過) ==========
TableControl: QueueUpdate 2021/11/14 下午 03:52:37:412
TableControl: About to update entries 2021/11/14 下午 03:52:37:520
TableControl: Updating entries 2021/11/14 下午 03:52:37:520
TableControl: Updating entries (UI thread) 2021/11/14 下午 03:52:37:521
TableControl: Refreshing UI 2021/11/14 下午 03:52:37:521
